development
create feature_vectors
create test_set
parameter search..training..evaluation
iteration: 1
iteration: 2
iteration: 3
iteration: 4
iteration: 5
iteration: 6
iteration: 7
iteration: 8
iteration: 9
iteration: 10
iteration: 11
iteration: 12
iteration: 13
iteration: 14
iteration: 15
[thesis_testings_1 266b5ea] 16 function SvmTrainer::NelderMead
 3 files changed, 4642 insertions(+)
 create mode 100644 0016-model.libsvm
 create mode 100644 0016-predictor.json
 create mode 100644 0016-results
true
{:id=>16, :classification=>:function, :properties=>{:samplesize=>6000, :dictionary_size=>800, :cost=>11.731619826234509, :gamma=>0.012283243548263833}, :metrics=>{:geometric_mean=>0.7873955041781735, :rates=>{:fpr=>0.2916, :tpr=>0.8752, :fnr=>0.1248, :tnr=>0.7084}, :precision=>0.7500857044909153, :recall=>0.8752, :accuracy=>0.7918, :f_5=>0.7721626199887068, :f1=>0.8078272106331917, :f2=>0.846945885267477, :matthews_correlation_coefficient=>0.5918919621969383, :normalized_matthews_correlation_coefficient=>0.7959459810984691, :mean_probability=>0.7800350535502589, :correct_historgramm=>[[50, 203], [55, 98], [60, 77], [65, 245], [70, 1052], [75, 3026], [80, 2523], [85, 677], [90, 16], [95, 1]], :faulty_histogram=>[[50, 176], [55, 70], [60, 58], [65, 142], [70, 585], [75, 653], [80, 366], [85, 27], [90, 4], [95, 1]], :full_histogram=>[[0, 1], [5, 4], [10, 27], [15, 366], [20, 653], [25, 585], [30, 142], [35, 58], [40, 70], [45, 176], [50, 203], [55, 98], [60, 77], [65, 245], [70, 1052], [75, 3026], [80, 2523], [85, 677], [90, 16], [95, 1]]}, :trainer_class=>"SvmTrainer::NelderMead", :preprocessor_class=>"Preprocessor::Simple", :selector_class=>"Selector::NGram"}

development
create feature_vectors
create test_set
parameter search..training..evaluation
iteration: 1
iteration: 2
iteration: 3
iteration: 4
iteration: 5
iteration: 6
iteration: 7
iteration: 8
iteration: 9
iteration: 10
iteration: 11
iteration: 12
iteration: 13
iteration: 14
iteration: 15
[thesis_testings_1 498d18c] 17 function SvmTrainer::NelderMead
 3 files changed, 6903 insertions(+)
 create mode 100644 0017-model.libsvm
 create mode 100644 0017-predictor.json
 create mode 100644 0017-results
true
{:id=>17, :classification=>:function, :properties=>{:samplesize=>6000, :dictionary_size=>800, :cost=>0.0018805583651656502, :gamma=>0.22370476853085583, :evaluator=>:f1}, :metrics=>{:geometric_mean=>(0/1), :rates=>{:fpr=>0.0, :tpr=>0.0, :fnr=>1.0, :tnr=>1.0}, :precision=>0.5, :recall=>0.0, :accuracy=>0.5, :f_5=>0.0, :f1=>0.0, :f2=>0.0, :matthews_correlation_coefficient=>0.0, :normalized_matthews_correlation_coefficient=>0.5, :mean_probability=>0.5142258384671475, :correct_historgramm=>[[50, 5000]], :faulty_histogram=>[[50, 5000]], :full_histogram=>[[45, 5000], [50, 5000]]}, :trainer_class=>"SvmTrainer::NelderMead", :preprocessor_class=>"Preprocessor::Simple", :selector_class=>"Selector::Forman"}

real	45m22.372s
user	317m24.308s
sys	0m40.140s
development
create feature_vectors
create test_set
parameter search..training..evaluation
iteration: 1
iteration: 2
iteration: 3
iteration: 4
iteration: 5
iteration: 6
iteration: 7
iteration: 8
iteration: 9
iteration: 10
iteration: 11
iteration: 12
iteration: 13
iteration: 14
iteration: 15
[thesis_testings_1 fc2f883] 18 function SvmTrainer::NelderMead
 3 files changed, 5692 insertions(+)
 create mode 100644 0018-model.libsvm
 create mode 100644 0018-predictor.json
 create mode 100644 0018-results
true
{:id=>18, :classification=>:function, :properties=>{:samplesize=>6000, :dictionary_size=>800, :cost=>2.151365352916449, :gamma=>0.024240583217795972, :evaluator=>:f_5}, :metrics=>{:geometric_mean=>0.8209868208442812, :rates=>{:fpr=>0.2188, :tpr=>0.8628, :fnr=>0.1372, :tnr=>0.7812}, :precision=>0.797707100591716, :recall=>0.8628, :accuracy=>0.822, :f_5=>0.8099279062781616, :f1=>0.828977709454266, :f2=>0.8489452141057934, :matthews_correlation_coefficient=>0.6461548233263406, :normalized_matthews_correlation_coefficient=>0.8230774116631703, :mean_probability=>0.7986375168125139, :correct_historgramm=>[[50, 297], [55, 331], [60, 428], [65, 578], [70, 759], [75, 1112], [80, 1425], [85, 1725], [90, 1256], [95, 309]], :faulty_histogram=>[[50, 255], [55, 231], [60, 203], [65, 190], [70, 193], [75, 212], [80, 205], [85, 181], [90, 102], [95, 8]], :full_histogram=>[[0, 8], [5, 102], [10, 181], [15, 205], [20, 212], [25, 193], [30, 190], [35, 203], [40, 231], [45, 255], [50, 297], [55, 331], [60, 428], [65, 578], [70, 759], [75, 1112], [80, 1425], [85, 1725], [90, 1256], [95, 309]]}, :trainer_class=>"SvmTrainer::NelderMead", :preprocessor_class=>"Preprocessor::Simple", :selector_class=>"Selector::Forman"}

real	44m43.669s
user	317m33.445s
sys	0m39.720s
development
create feature_vectors
create test_set
parameter search..training..evaluation
iteration: 1
iteration: 2
iteration: 3
iteration: 4
iteration: 5
iteration: 6
iteration: 7
iteration: 8
iteration: 9
iteration: 10
iteration: 11
[thesis_testings_1 a8593f7] 19 function SvmTrainer::NelderMead
 3 files changed, 4587 insertions(+)
 create mode 100644 0019-model.libsvm
 create mode 100644 0019-predictor.json
 create mode 100644 0019-results
true
{:id=>19, :classification=>:function, :properties=>{:samplesize=>6000, :dictionary_size=>800, :cost=>17.67797320117007, :gamma=>0.001749835055820357, :evaluator=>:f_5}, :metrics=>{:geometric_mean=>0.7780788906017179, :rates=>{:fpr=>0.3014, :tpr=>0.8666, :fnr=>0.1334, :tnr=>0.6986}, :precision=>0.7419520547945205, :recall=>0.8666, :accuracy=>0.7826, :f_5=>0.7639280677009873, :f1=>0.7994464944649446, :f2=>0.8384287925696594, :matthews_correlation_coefficient=>0.5733490122354807, :normalized_matthews_correlation_coefficient=>0.7866745061177404, :mean_probability=>0.7699110355427113, :correct_historgramm=>[[50, 37], [55, 20], [60, 293], [65, 47], [70, 815], [75, 3317], [80, 3269], [85, 23], [90, 5]], :faulty_histogram=>[[50, 17], [55, 10], [60, 251], [65, 35], [70, 415], [75, 932], [80, 499], [85, 7], [90, 8]], :full_histogram=>[[5, 8], [10, 7], [15, 499], [20, 932], [25, 415], [30, 35], [35, 251], [40, 10], [45, 17], [50, 37], [55, 20], [60, 293], [65, 47], [70, 815], [75, 3317], [80, 3269], [85, 23], [90, 5]]}, :trainer_class=>"SvmTrainer::NelderMead", :preprocessor_class=>"Preprocessor::Simple", :selector_class=>"Selector::NGram"}

real	32m35.031s
user	247m0.395s
sys	0m13.493s
development
create feature_vectors
create test_set
parameter search..training..evaluation
iteration: 1
iteration: 2
iteration: 3
iteration: 4
iteration: 5
iteration: 6
iteration: 7
iteration: 8
iteration: 9
iteration: 10
iteration: 11
iteration: 12
iteration: 13
iteration: 14
iteration: 15
[thesis_testings_1 8a44035] 20 function SvmTrainer::NelderMead
 3 files changed, 6903 insertions(+)
 create mode 100644 0020-model.libsvm
 create mode 100644 0020-predictor.json
 create mode 100644 0020-results
true
{:id=>20, :classification=>:function, :properties=>{:samplesize=>6000, :dictionary_size=>800, :cost=>0.0018805583651656502, :gamma=>0.22370476853085583, :evaluator=>:f2}, :metrics=>{:geometric_mean=>(0/1), :rates=>{:fpr=>0.0, :tpr=>0.0, :fnr=>1.0, :tnr=>1.0}, :precision=>0.5, :recall=>0.0, :accuracy=>0.5, :f_5=>0.0, :f1=>0.0, :f2=>0.0, :matthews_correlation_coefficient=>0.0, :normalized_matthews_correlation_coefficient=>0.5, :mean_probability=>0.5142311171752387, :correct_historgramm=>[[50, 5000]], :faulty_histogram=>[[50, 5000]], :full_histogram=>[[45, 5000], [50, 5000]]}, :trainer_class=>"SvmTrainer::NelderMead", :preprocessor_class=>"Preprocessor::Simple", :selector_class=>"Selector::Forman"}

real	43m40.190s
user	311m25.691s
sys	0m39.053s
development
create feature_vectors
create test_set
parameter search..training..evaluation
iteration: 1
iteration: 2
iteration: 3
iteration: 4
iteration: 5
iteration: 6
iteration: 7
iteration: 8
iteration: 9
iteration: 10
iteration: 11
iteration: 12
iteration: 13
iteration: 14
iteration: 15
[thesis_testings_1 0a8b9db] 21 function SvmTrainer::NelderMead
 3 files changed, 6902 insertions(+)
 create mode 100644 0021-model.libsvm
 create mode 100644 0021-predictor.json
 create mode 100644 0021-results
true
{:id=>21, :classification=>:function, :properties=>{:samplesize=>6000, :dictionary_size=>800, :cost=>71512.83066291966, :gamma=>2.710785600478849e-10, :evaluator=>:f2}, :metrics=>{:geometric_mean=>(0/1), :rates=>{:fpr=>1.0, :tpr=>1.0, :fnr=>0.0, :tnr=>0.0}, :precision=>0.5, :recall=>1.0, :accuracy=>0.5, :f_5=>0.5555555555555556, :f1=>0.6666666666666666, :f2=>0.8333333333333333, :matthews_correlation_coefficient=>0.0, :normalized_matthews_correlation_coefficient=>0.5, :mean_probability=>0.5, :correct_historgramm=>[[50, 5000]], :faulty_histogram=>[[50, 5000]], :full_histogram=>[[45, 5000], [50, 5000]]}, :trainer_class=>"SvmTrainer::NelderMead", :preprocessor_class=>"Preprocessor::Simple", :selector_class=>"Selector::NGram"}

real	38m8.808s
user	291m50.258s
sys	0m14.423s
development
create feature_vectors
create test_set
parameter search..training..evaluation
iteration: 1
iteration: 2
iteration: 3
iteration: 4
iteration: 5
iteration: 6
iteration: 7
iteration: 8
iteration: 9
iteration: 10
iteration: 11
iteration: 12
iteration: 13
iteration: 14
iteration: 15
[thesis_testings_1 49e1a19] 22 function SvmTrainer::NelderMead
 3 files changed, 4494 insertions(+)
 create mode 100644 0022-model.libsvm
 create mode 100644 0022-predictor.json
 create mode 100644 0022-results
true
{:id=>22, :classification=>:function, :properties=>{:samplesize=>6000, :dictionary_size=>800, :cost=>70.42229741836597, :gamma=>0.0020667187584931333, :evaluator=>:normalized_mcc}, :metrics=>{:geometric_mean=>0.8054004221503737, :rates=>{:fpr=>0.2356, :tpr=>0.8486, :fnr=>0.1514, :tnr=>0.7644}, :precision=>0.7826969193875669, :recall=>0.8486, :accuracy=>0.8065, :f_5=>0.7950457202818169, :f1=>0.814317244026485, :f2=>0.8345462412965658, :matthews_correlation_coefficient=>0.6151845975548683, :normalized_matthews_correlation_coefficient=>0.8075922987774342, :mean_probability=>0.8061966378376156, :correct_historgramm=>[[50, 306], [55, 371], [60, 414], [65, 504], [70, 724], [75, 999], [80, 1297], [85, 1299], [90, 1402], [95, 749]], :faulty_histogram=>[[50, 262], [55, 224], [60, 203], [65, 213], [70, 199], [75, 209], [80, 244], [85, 208], [90, 130], [95, 43]], :full_histogram=>[[0, 43], [5, 130], [10, 208], [15, 244], [20, 209], [25, 199], [30, 213], [35, 203], [40, 224], [45, 262], [50, 306], [55, 371], [60, 414], [65, 504], [70, 724], [75, 999], [80, 1297], [85, 1299], [90, 1402], [95, 749]]}, :trainer_class=>"SvmTrainer::NelderMead", :preprocessor_class=>"Preprocessor::Simple", :selector_class=>"Selector::Forman"}

real	41m20.514s
user	282m54.602s
sys	1m17.063s
development
create feature_vectors
create test_set
parameter search..training..evaluation
iteration: 1
iteration: 2
iteration: 3
iteration: 4
iteration: 5
iteration: 6
iteration: 7
iteration: 8
iteration: 9
iteration: 10
iteration: 11
iteration: 12
iteration: 13
iteration: 14
iteration: 15
[thesis_testings_1 ab5cfb3] 23 function SvmTrainer::NelderMead
 3 files changed, 4166 insertions(+)
 create mode 100644 0023-model.libsvm
 create mode 100644 0023-predictor.json
 create mode 100644 0023-results
true
{:id=>23, :classification=>:function, :properties=>{:samplesize=>6000, :dictionary_size=>800, :cost=>606.2227353417412, :gamma=>0.0002862125383667113, :evaluator=>:normalized_mcc}, :metrics=>{:geometric_mean=>0.7837491180218322, :rates=>{:fpr=>0.2558, :tpr=>0.8254, :fnr=>0.1746, :tnr=>0.7442}, :precision=>0.7634110247872734, :recall=>0.8254, :accuracy=>0.7848, :f_5=>0.7750525841346152, :f1=>0.7931962329425332, :f2=>0.8122097142407304, :matthews_correlation_coefficient=>0.5714871489591037, :normalized_matthews_correlation_coefficient=>0.7857435744795518, :mean_probability=>0.7957006303045029, :correct_historgramm=>[[50, 282], [55, 388], [60, 419], [65, 531], [70, 825], [75, 1080], [80, 1335], [85, 1397], [90, 1151], [95, 440]], :faulty_histogram=>[[50, 254], [55, 228], [60, 248], [65, 213], [70, 252], [75, 246], [80, 269], [85, 270], [90, 125], [95, 47]], :full_histogram=>[[0, 47], [5, 125], [10, 270], [15, 269], [20, 246], [25, 252], [30, 213], [35, 248], [40, 228], [45, 254], [50, 282], [55, 388], [60, 419], [65, 531], [70, 825], [75, 1080], [80, 1335], [85, 1397], [90, 1151], [95, 440]]}, :trainer_class=>"SvmTrainer::NelderMead", :preprocessor_class=>"Preprocessor::Simple", :selector_class=>"Selector::Forman"}

real	48m45.372s
user	317m5.515s
sys	2m5.797s
development
create feature_vectors
create test_set
parameter search..training..evaluation
iteration: 1
iteration: 2
iteration: 3
iteration: 4
iteration: 5
iteration: 6
iteration: 7
iteration: 8
iteration: 9
iteration: 10
iteration: 11
iteration: 12
iteration: 13
iteration: 14
iteration: 15
[thesis_testings_1 b3878e6] 24 function SvmTrainer::NelderMead
 3 files changed, 4385 insertions(+)
 create mode 100644 0024-model.libsvm
 create mode 100644 0024-predictor.json
 create mode 100644 0024-results
true
{:id=>24, :classification=>:function, :properties=>{:samplesize=>6000, :dictionary_size=>1000, :cost=>458.39169243264104, :gamma=>0.00034789618888038805, :evaluator=>:normalized_mcc}, :metrics=>{:geometric_mean=>0.7840930557019364, :rates=>{:fpr=>0.2436, :tpr=>0.8128, :fnr=>0.1872, :tnr=>0.7564}, :precision=>0.7694055282090118, :recall=>0.8128, :accuracy=>0.7846, :f_5=>0.7777097366809554, :f1=>0.7905076833300915, :f2=>0.8037338818131478, :matthews_correlation_coefficient=>0.570107466752383, :normalized_matthews_correlation_coefficient=>0.7850537333761916, :mean_probability=>0.8005002947546532, :correct_historgramm=>[[50, 333], [55, 372], [60, 418], [65, 499], [70, 782], [75, 1023], [80, 1210], [85, 1267], [90, 1288], [95, 654]], :faulty_histogram=>[[50, 265], [55, 239], [60, 227], [65, 247], [70, 255], [75, 257], [80, 226], [85, 214], [90, 175], [95, 49]], :full_histogram=>[[0, 49], [5, 175], [10, 214], [15, 226], [20, 257], [25, 255], [30, 247], [35, 227], [40, 239], [45, 265], [50, 333], [55, 372], [60, 418], [65, 499], [70, 782], [75, 1023], [80, 1210], [85, 1267], [90, 1288], [95, 654]]}, :trainer_class=>"SvmTrainer::NelderMead", :preprocessor_class=>"Preprocessor::Simple", :selector_class=>"Selector::Forman"}

real	51m14.102s
user	350m52.361s
sys	1m15.987s
development
create feature_vectors
create test_set
parameter search..training..evaluation
iteration: 1
iteration: 2
iteration: 3
iteration: 4
iteration: 5
iteration: 6
iteration: 7
iteration: 8
iteration: 9
iteration: 10
iteration: 11
iteration: 12
iteration: 13
[thesis_testings_1 ef4e6d5] 25 function SvmTrainer::NelderMead
 3 files changed, 5427 insertions(+)
 create mode 100644 0025-model.libsvm
 create mode 100644 0025-predictor.json
 create mode 100644 0025-results
true
{:id=>25, :classification=>:function, :properties=>{:samplesize=>6000, :dictionary_size=>1000, :cost=>4.188036332466546, :gamma=>0.014031145048468882, :evaluator=>:normalized_mcc}, :metrics=>{:geometric_mean=>0.818163797781349, :rates=>{:fpr=>0.218, :tpr=>0.856, :fnr=>0.144, :tnr=>0.782}, :precision=>0.7970204841713222, :recall=>0.856, :accuracy=>0.819, :f_5=>0.8081570996978851, :f1=>0.8254580520732883, :f2=>0.8435159637366968, :matthews_correlation_coefficient=>0.6397540511846213, :normalized_matthews_correlation_coefficient=>0.8198770255923107, :mean_probability=>0.8034199455420201, :correct_historgramm=>[[50, 284], [55, 335], [60, 434], [65, 508], [70, 738], [75, 1023], [80, 1408], [85, 1677], [90, 1396], [95, 387]], :faulty_histogram=>[[50, 219], [55, 229], [60, 195], [65, 178], [70, 211], [75, 226], [80, 259], [85, 204], [90, 81], [95, 8]], :full_histogram=>[[0, 8], [5, 81], [10, 204], [15, 259], [20, 226], [25, 211], [30, 178], [35, 195], [40, 229], [45, 219], [50, 284], [55, 335], [60, 434], [65, 508], [70, 738], [75, 1023], [80, 1408], [85, 1677], [90, 1396], [95, 387]]}, :trainer_class=>"SvmTrainer::NelderMead", :preprocessor_class=>"Preprocessor::Simple", :selector_class=>"Selector::Forman"}

real	56m42.200s
user	365m2.964s
sys	4m19.550s
