create feature_vectors, 1:1 distribution
create test_set
parameter search..training..evaluation
iteration: 1
iteration: 2
iteration: 3
iteration: 4
iteration: 5
iteration: 6
iteration: 7
iteration: 8
iteration: 9
iteration: 10
iteration: 11
iteration: 12
iteration: 13
iteration: 14
iteration: 15
iteration: 16
[thesis_testing_3 b8b5cf2] 1 function SvmTrainer::NelderMead
 3 files changed, 5659 insertions(+)
 create mode 100644 0001-model.libsvm
 create mode 100644 0001-predictor.json
 create mode 100644 0001-results
true
{:id=>1, :classification=>:function, :properties=>{:samplesize=>6000, :distribution=>1, :evaluator=>:normalized_mcc, :cross_validation=>3, :dictionary_size=>800, :cost=>54.45809231060486, :gamma=>0.010844843741422172}, :metrics=>{:geometric_mean=>0.8136367248348614, :rates=>{:fpr=>0.2068, :tpr=>0.8346, :fnr=>0.1654, :tnr=>0.7932}, :precision=>0.8014211638179374, :recall=>0.8346, :accuracy=>0.8139, :f_5=>0.8078442000929225, :f1=>0.8176741451944743, :f2=>0.8277462609592574, :matthews_correlation_coefficient=>0.6283387046316359, :normalized_matthews_correlation_coefficient=>0.814169352315818, :mean_probability=>0.7665960481981123, :correct_historgramm=>[[50, 463], [55, 569], [60, 652], [65, 733], [70, 944], [75, 1103], [80, 1245], [85, 1208], [90, 892], [95, 330]], :faulty_histogram=>[[50, 374], [55, 328], [60, 275], [65, 218], [70, 179], [75, 156], [80, 163], [85, 88], [90, 56], [95, 24]], :full_histogram=>[[0, 24], [5, 56], [10, 88], [15, 163], [20, 156], [25, 179], [30, 218], [35, 275], [40, 328], [45, 374], [50, 463], [55, 569], [60, 652], [65, 733], [70, 944], [75, 1103], [80, 1245], [85, 1208], [90, 892], [95, 330]]}, :trainer_class=>"SvmTrainer::NelderMead", :preprocessor_class=>"Preprocessor::Simple", :selector_class=>"Selector::Simple"}
create feature_vectors, 1:1 distribution
create test_set
parameter search..training..evaluation
"best {:gamma=>-9.0, :cost=>10.0, :kernel=>:rbf}: 0.6881172298063282"
"best {:gamma=>-6.514718625761432, :cost=>15.0, :kernel=>:rbf}: 0.7502903724239399"
"best {:gamma=>-6.514718625761432, :cost=>10.0, :kernel=>:rbf}: 0.7502903724239399"
"best {:gamma=>-6.514718625761432, :cost=>13.535533905932738, :kernel=>:rbf}: 0.7502903724239399"
"best {:gamma=>-6.514718625761432, :cost=>12.5, :kernel=>:rbf}: 0.7502903724239399"
[thesis_testing_3 2c281be] 2 function SvmTrainer::DoeHeuristic
 3 files changed, 5693 insertions(+)
 create mode 100644 0002-model.libsvm
 create mode 100644 0002-predictor.json
 create mode 100644 0002-results
true
{:id=>2, :classification=>:function, :properties=>{:samplesize=>6000, :distribution=>1, :evaluator=>:normalized_mcc, :cross_validation=>3, :dictionary_size=>800, :cost=>5792.618751480198, :gamma=>0.010936397333670163}, :metrics=>{:geometric_mean=>0.8187701997508214, :rates=>{:fpr=>0.2004, :tpr=>0.8384, :fnr=>0.1616, :tnr=>0.7996}, :precision=>0.8070850981902195, :recall=>0.8384, :accuracy=>0.819, :f_5=>0.813159528243327, :f1=>0.8224445752403375, :f2=>0.8319441136778599, :matthews_correlation_coefficient=>0.6384807782652758, :normalized_matthews_correlation_coefficient=>0.8192403891326379, :mean_probability=>0.7760367016282782, :correct_historgramm=>[[50, 435], [55, 507], [60, 586], [65, 692], [70, 921], [75, 1077], [80, 1227], [85, 1376], [90, 957], [95, 412]], :faulty_histogram=>[[50, 355], [55, 298], [60, 264], [65, 191], [70, 196], [75, 173], [80, 138], [85, 111], [90, 62], [95, 22]], :full_histogram=>[[0, 22], [5, 62], [10, 111], [15, 138], [20, 173], [25, 196], [30, 191], [35, 264], [40, 298], [45, 355], [50, 435], [55, 507], [60, 586], [65, 692], [70, 921], [75, 1077], [80, 1227], [85, 1376], [90, 957], [95, 412]]}, :trainer_class=>"SvmTrainer::DoeHeuristic", :preprocessor_class=>"Preprocessor::Simple", :selector_class=>"Selector::Simple"}
create feature_vectors, 1:1 distribution
create test_set
parameter search..training..evaluation
iteration: 1
iteration: 2
iteration: 3
iteration: 4
iteration: 5
iteration: 6
iteration: 7
iteration: 8
iteration: 9
iteration: 10
iteration: 11
iteration: 12
iteration: 13
iteration: 14
iteration: 15
[thesis_testing_3 129186c] 10 function SvmTrainer::NelderMead
 3 files changed, 4113 insertions(+)
 create mode 100644 0010-model.libsvm
 create mode 100644 0010-predictor.json
 create mode 100644 0010-results
true
{:id=>10, :classification=>:function, :properties=>{:samplesize=>6000, :distribution=>1, :evaluator=>:normalized_mcc, :cross_validation=>3, :dictionary_size=>800, :cost=>5973.075299066253, :gamma=>2.9829384345810954e-05}, :metrics=>{:geometric_mean=>0.78237377256654, :rates=>{:fpr=>0.2458, :tpr=>0.8116, :fnr=>0.1884, :tnr=>0.7542}, :precision=>0.7675430300737658, :recall=>0.8116, :accuracy=>0.7829, :f_5=>0.7759675692213553, :f1=>0.7889569359385632, :f2=>0.8023885791117966, :matthews_correlation_coefficient=>0.5667343971998913, :normalized_matthews_correlation_coefficient=>0.7833671985999456, :mean_probability=>0.7903909864615322, :correct_historgramm=>[[50, 321], [55, 327], [60, 417], [65, 542], [70, 868], [75, 1242], [80, 1387], [85, 1390], [90, 988], [95, 347]], :faulty_histogram=>[[50, 243], [55, 251], [60, 255], [65, 223], [70, 253], [75, 288], [80, 243], [85, 225], [90, 152], [95, 38]], :full_histogram=>[[0, 38], [5, 152], [10, 225], [15, 243], [20, 288], [25, 253], [30, 223], [35, 255], [40, 251], [45, 243], [50, 321], [55, 327], [60, 417], [65, 542], [70, 868], [75, 1242], [80, 1387], [85, 1390], [90, 988], [95, 347]]}, :trainer_class=>"SvmTrainer::NelderMead", :preprocessor_class=>"Preprocessor::Simple", :selector_class=>"Selector::BiNormalSeperation"}
create feature_vectors, 1:1 distribution
create test_set
parameter search..training..evaluation
iteration: 1
iteration: 2
iteration: 3
iteration: 4
iteration: 5
iteration: 6
iteration: 7
iteration: 8
iteration: 9
[thesis_testing_3 0eaa142] 11 function SvmTrainer::NelderMead
 3 files changed, 4853 insertions(+)
 create mode 100644 0011-model.libsvm
 create mode 100644 0011-predictor.json
 create mode 100644 0011-results
true
{:id=>11, :classification=>:function, :properties=>{:samplesize=>6000, :distribution=>1, :evaluator=>:normalized_mcc, :cross_validation=>3, :dictionary_size=>800, :cost=>3.528948910756898, :gamma=>0.1458992595293868}, :metrics=>{:geometric_mean=>0.8070982096374641, :rates=>{:fpr=>0.1946, :tpr=>0.8088, :fnr=>0.1912, :tnr=>0.8054}, :precision=>0.8060593980466414, :recall=>0.8088, :accuracy=>0.8071, :f_5=>0.8066060315940643, :f1=>0.8074273734651094, :f2=>0.8082503897349802, :matthews_correlation_coefficient=>0.6142035501067795, :normalized_matthews_correlation_coefficient=>0.8071017750533898, :mean_probability=>0.8295258458657682, :correct_historgramm=>[[50, 317], [55, 355], [60, 448], [65, 502], [70, 586], [75, 604], [80, 796], [85, 1150], [90, 1672], [95, 1641]], :faulty_histogram=>[[50, 305], [55, 224], [60, 247], [65, 183], [70, 182], [75, 169], [80, 157], [85, 193], [90, 179], [95, 90]], :full_histogram=>[[0, 90], [5, 179], [10, 193], [15, 157], [20, 169], [25, 182], [30, 183], [35, 247], [40, 224], [45, 305], [50, 317], [55, 355], [60, 448], [65, 502], [70, 586], [75, 604], [80, 796], [85, 1150], [90, 1672], [95, 1641]]}, :trainer_class=>"SvmTrainer::NelderMead", :preprocessor_class=>"Preprocessor::Simple", :selector_class=>"Selector::InformationGain"}
create feature_vectors, 1:1 distribution
create test_set
parameter search..training..evaluation
iteration: 1
iteration: 2
iteration: 3
iteration: 4
iteration: 5
iteration: 6
iteration: 7
iteration: 8
[thesis_testing_3 bafb3dc] 12 function SvmTrainer::NelderMead
 3 files changed, 4466 insertions(+)
 create mode 100644 0012-model.libsvm
 create mode 100644 0012-predictor.json
 create mode 100644 0012-results
true
{:id=>12, :classification=>:function, :properties=>{:samplesize=>6000, :distribution=>1, :evaluator=>:normalized_mcc, :cross_validation=>3, :dictionary_size=>800, :cost=>10.01334477038676, :gamma=>0.01876315727758755}, :metrics=>{:geometric_mean=>0.796461323605861, :rates=>{:fpr=>0.2228, :tpr=>0.8162, :fnr=>0.1838, :tnr=>0.7772}, :precision=>0.785563041385948, :recall=>0.8162, :accuracy=>0.7967, :f_5=>0.7915050426687354, :f1=>0.8005885237861696, :f2=>0.8098829132764436, :matthews_correlation_coefficient=>0.5938517961518353, :normalized_matthews_correlation_coefficient=>0.7969258980759176, :mean_probability=>0.8244172829078701, :correct_historgramm=>[[50, 293], [55, 345], [60, 370], [65, 482], [70, 557], [75, 728], [80, 1001], [85, 1372], [90, 1638], [95, 1181]], :faulty_histogram=>[[50, 235], [55, 222], [60, 232], [65, 228], [70, 184], [75, 237], [80, 229], [85, 238], [90, 164], [95, 64]], :full_histogram=>[[0, 64], [5, 164], [10, 238], [15, 229], [20, 237], [25, 184], [30, 228], [35, 232], [40, 222], [45, 235], [50, 293], [55, 345], [60, 370], [65, 482], [70, 557], [75, 728], [80, 1001], [85, 1372], [90, 1638], [95, 1181]]}, :trainer_class=>"SvmTrainer::NelderMead", :preprocessor_class=>"Preprocessor::Simple", :selector_class=>"Selector::BNS_IG"}
create feature_vectors, 1:1 distribution
create test_set
parameter search..training..evaluation
iteration: 1
iteration: 2
iteration: 3
iteration: 4
iteration: 5
iteration: 6
iteration: 7
iteration: 8
iteration: 9
iteration: 10
iteration: 11
iteration: 12
iteration: 13
[thesis_testing_3 40c45c0] 15 function SvmTrainer::NelderMead
 3 files changed, 5494 insertions(+)
 create mode 100644 0015-model.libsvm
 create mode 100644 0015-predictor.json
 create mode 100644 0015-results
true
{:id=>15, :classification=>:function, :properties=>{:samplesize=>6000, :distribution=>1, :evaluator=>:normalized_mcc, :cross_validation=>3, :dictionary_size=>600, :cost=>206.0054743510713, :gamma=>0.014782701160134163}, :metrics=>{:geometric_mean=>0.8224365021082175, :rates=>{:fpr=>0.1938, :tpr=>0.839, :fnr=>0.161, :tnr=>0.8062}, :precision=>0.8123547637490317, :recall=>0.839, :accuracy=>0.8226, :f_5=>0.8175475522294979, :f1=>0.8254624163715074, :f2=>0.8335320298839612, :matthews_correlation_coefficient=>0.6455473462759035, :normalized_matthews_correlation_coefficient=>0.8227736731379518, :mean_probability=>0.7743318886408679, :correct_historgramm=>[[50, 458], [55, 481], [60, 655], [65, 751], [70, 892], [75, 1028], [80, 1265], [85, 1280], [90, 997], [95, 419]], :faulty_histogram=>[[50, 368], [55, 317], [60, 268], [65, 201], [70, 177], [75, 134], [80, 130], [85, 82], [90, 65], [95, 32]], :full_histogram=>[[0, 32], [5, 65], [10, 82], [15, 130], [20, 134], [25, 177], [30, 201], [35, 268], [40, 317], [45, 368], [50, 458], [55, 481], [60, 655], [65, 751], [70, 892], [75, 1028], [80, 1265], [85, 1280], [90, 997], [95, 419]]}, :trainer_class=>"SvmTrainer::NelderMead", :preprocessor_class=>"Preprocessor::Simple", :selector_class=>"Selector::Simple"}
create feature_vectors, 1:1 distribution
create test_set
parameter search..training..evaluation
iteration: 1
iteration: 2
iteration: 3
iteration: 4
iteration: 5
iteration: 6
iteration: 7
iteration: 8
iteration: 9
iteration: 10
iteration: 11
iteration: 12
iteration: 13
[thesis_testing_3 ef2311e] 16 function SvmTrainer::NelderMead
 3 files changed, 4009 insertions(+)
 create mode 100644 0016-model.libsvm
 create mode 100644 0016-predictor.json
 create mode 100644 0016-results
true
{:id=>16, :classification=>:function, :properties=>{:samplesize=>6000, :distribution=>1, :evaluator=>:normalized_mcc, :cross_validation=>3, :dictionary_size=>600, :cost=>3612.9029229411676, :gamma=>1.684104769553698e-05}, :metrics=>{:geometric_mean=>0.7867153996204727, :rates=>{:fpr=>0.2722, :tpr=>0.8504, :fnr=>0.1496, :tnr=>0.7278}, :precision=>0.7575271690717976, :recall=>0.8504, :accuracy=>0.7891, :f_5=>0.7744426635582105, :f1=>0.8012814472816358, :f2=>0.830047241635107, :matthews_correlation_coefficient=>0.582595000392328, :normalized_matthews_correlation_coefficient=>0.791297500196164, :mean_probability=>0.799142787409498, :correct_historgramm=>[[50, 136], [55, 176], [60, 290], [65, 507], [70, 892], [75, 1472], [80, 1808], [85, 1750], [90, 781], [95, 79]], :faulty_histogram=>[[50, 115], [55, 150], [60, 224], [65, 266], [70, 285], [75, 367], [80, 365], [85, 259], [90, 69], [95, 9]], :full_histogram=>[[0, 9], [5, 69], [10, 259], [15, 365], [20, 367], [25, 285], [30, 266], [35, 224], [40, 150], [45, 115], [50, 136], [55, 176], [60, 290], [65, 507], [70, 892], [75, 1472], [80, 1808], [85, 1750], [90, 781], [95, 79]]}, :trainer_class=>"SvmTrainer::NelderMead", :preprocessor_class=>"Preprocessor::Simple", :selector_class=>"Selector::BiNormalSeperation"}
create feature_vectors, 1:1 distribution
create test_set
parameter search..training..evaluation
iteration: 1
iteration: 2
iteration: 3
iteration: 4
iteration: 5
iteration: 6
iteration: 7
iteration: 8
iteration: 9
iteration: 10
[thesis_testing_3 970ca81] 17 function SvmTrainer::NelderMead
 3 files changed, 4132 insertions(+)
 create mode 100644 0017-model.libsvm
 create mode 100644 0017-predictor.json
 create mode 100644 0017-results
true
{:id=>17, :classification=>:function, :properties=>{:samplesize=>6000, :distribution=>1, :evaluator=>:normalized_mcc, :cross_validation=>3, :dictionary_size=>600, :cost=>4.232303650833737, :gamma=>0.1249231838268145}, :metrics=>{:geometric_mean=>0.7633148760505064, :rates=>{:fpr=>0.248, :tpr=>0.7748, :fnr=>0.2252, :tnr=>0.752}, :precision=>0.7575283535393039, :recall=>0.7748, :accuracy=>0.7634, :f_5=>0.7609208045254556, :f1=>0.7660668380462724, :f2=>0.7712829497491438, :matthews_correlation_coefficient=>0.5269369792637895, :normalized_matthews_correlation_coefficient=>0.7634684896318947, :mean_probability=>0.8053933009543969, :correct_historgramm=>[[50, 361], [55, 415], [60, 376], [65, 476], [70, 517], [75, 770], [80, 1361], [85, 1393], [90, 1363], [95, 602]], :faulty_histogram=>[[50, 291], [55, 229], [60, 237], [65, 248], [70, 215], [75, 294], [80, 344], [85, 282], [90, 162], [95, 64]], :full_histogram=>[[0, 64], [5, 162], [10, 282], [15, 344], [20, 294], [25, 215], [30, 248], [35, 237], [40, 229], [45, 291], [50, 361], [55, 415], [60, 376], [65, 476], [70, 517], [75, 770], [80, 1361], [85, 1393], [90, 1363], [95, 602]]}, :trainer_class=>"SvmTrainer::NelderMead", :preprocessor_class=>"Preprocessor::Simple", :selector_class=>"Selector::InformationGain"}
create feature_vectors, 1:1 distribution
create test_set
parameter search..training..evaluation
iteration: 1
iteration: 2
iteration: 3
iteration: 4
iteration: 5
iteration: 6
iteration: 7
iteration: 8
iteration: 9
iteration: 10
iteration: 11
iteration: 12
iteration: 13
iteration: 14
iteration: 15
iteration: 16
iteration: 17
iteration: 18
[thesis_testing_3 3193228] 20 function SvmTrainer::NelderMead
 3 files changed, 5697 insertions(+)
 create mode 100644 0020-model.libsvm
 create mode 100644 0020-predictor.json
 create mode 100644 0020-results
true
{:id=>20, :classification=>:function, :properties=>{:samplesize=>6000, :distribution=>1, :evaluator=>:normalized_mcc, :cross_validation=>3, :dictionary_size=>800, :cost=>105.66854765096033, :gamma=>0.011945592502760886}, :metrics=>{:geometric_mean=>0.8099819751080884, :rates=>{:fpr=>0.2124, :tpr=>0.833, :fnr=>0.167, :tnr=>0.7876}, :precision=>0.7968241821312416, :recall=>0.833, :accuracy=>0.8103, :f_5=>0.8038057742782152, :f1=>0.8145106091718002, :f2=>0.8255044198676021, :matthews_correlation_coefficient=>0.6212405683536625, :normalized_matthews_correlation_coefficient=>0.8106202841768313, :mean_probability=>0.7684172247371513, :correct_historgramm=>[[50, 427], [55, 537], [60, 641], [65, 784], [70, 956], [75, 1129], [80, 1166], [85, 1234], [90, 878], [95, 351]], :faulty_histogram=>[[50, 366], [55, 324], [60, 291], [65, 251], [70, 192], [75, 130], [80, 144], [85, 93], [90, 77], [95, 29]], :full_histogram=>[[0, 29], [5, 77], [10, 93], [15, 144], [20, 130], [25, 192], [30, 251], [35, 291], [40, 324], [45, 366], [50, 427], [55, 537], [60, 641], [65, 784], [70, 956], [75, 1129], [80, 1166], [85, 1234], [90, 878], [95, 351]]}, :trainer_class=>"SvmTrainer::NelderMead", :preprocessor_class=>"Preprocessor::Simple", :selector_class=>"Selector::Simple"}
create feature_vectors, 1:1 distribution
create test_set
parameter search..training..evaluation
iteration: 1
iteration: 2
iteration: 3
iteration: 4
iteration: 5
iteration: 6
iteration: 7
iteration: 8
iteration: 9
iteration: 10
iteration: 11
iteration: 12
iteration: 13
iteration: 14
[thesis_testing_3 3850817] 21 function SvmTrainer::NelderMead
 3 files changed, 5414 insertions(+)
 create mode 100644 0021-model.libsvm
 create mode 100644 0021-predictor.json
 create mode 100644 0021-results
true
{:id=>21, :classification=>:function, :properties=>{:samplesize=>6000, :distribution=>1, :evaluator=>:normalized_mcc, :cross_validation=>3, :dictionary_size=>800, :cost=>3.9740645226849605, :gamma=>0.01831301977932327}, :metrics=>{:geometric_mean=>0.8157327748717713, :rates=>{:fpr=>0.2166, :tpr=>0.8494, :fnr=>0.1506, :tnr=>0.7834}, :precision=>0.7968105065666041, :recall=>0.8494, :accuracy=>0.8164, :f_5=>0.8068009118541033, :f1=>0.8222652468538239, :f2=>0.8383339913146468, :matthews_correlation_coefficient=>0.6341827575122149, :normalized_matthews_correlation_coefficient=>0.8170913787561074, :mean_probability=>0.8002824533154053, :correct_historgramm=>[[50, 298], [55, 342], [60, 474], [65, 509], [70, 776], [75, 1004], [80, 1450], [85, 1563], [90, 1338], [95, 410]], :faulty_histogram=>[[50, 268], [55, 264], [60, 223], [65, 193], [70, 210], [75, 198], [80, 210], [85, 172], [90, 87], [95, 11]], :full_histogram=>[[0, 11], [5, 87], [10, 172], [15, 210], [20, 198], [25, 210], [30, 193], [35, 223], [40, 264], [45, 268], [50, 298], [55, 342], [60, 474], [65, 509], [70, 776], [75, 1004], [80, 1450], [85, 1563], [90, 1338], [95, 410]]}, :trainer_class=>"SvmTrainer::NelderMead", :preprocessor_class=>"Preprocessor::Simple", :selector_class=>"Selector::BiNormalSeperation"}
create feature_vectors, 1:1 distribution
create test_set
parameter search..training..evaluation
iteration: 1
iteration: 2
iteration: 3
iteration: 4
iteration: 5
iteration: 6
iteration: 7
iteration: 8
iteration: 9
iteration: 10
iteration: 11
iteration: 12
iteration: 13
iteration: 14
iteration: 15
iteration: 16
iteration: 17
[thesis_testing_3 5eaa27b] 22 function SvmTrainer::NelderMead
 3 files changed, 4754 insertions(+)
 create mode 100644 0022-model.libsvm
 create mode 100644 0022-predictor.json
 create mode 100644 0022-results
true
{:id=>22, :classification=>:function, :properties=>{:samplesize=>6000, :distribution=>1, :evaluator=>:normalized_mcc, :cross_validation=>3, :dictionary_size=>800, :cost=>3.052300319270251, :gamma=>0.22584300613991606}, :metrics=>{:geometric_mean=>0.798197970430895, :rates=>{:fpr=>0.2036, :tpr=>0.8, :fnr=>0.2, :tnr=>0.7964}, :precision=>0.7971303308090872, :recall=>0.8, :accuracy=>0.7982, :f_5=>0.7977026164645818, :f1=>0.7985625873427831, :f2=>0.7994244144216165, :matthews_correlation_coefficient=>0.596403864709565, :normalized_matthews_correlation_coefficient=>0.7982019323547824, :mean_probability=>0.8172496999452459, :correct_historgramm=>[[50, 312], [55, 395], [60, 482], [65, 553], [70, 615], [75, 664], [80, 801], [85, 1417], [90, 1512], [95, 1231]], :faulty_histogram=>[[50, 263], [55, 253], [60, 215], [65, 198], [70, 198], [75, 186], [80, 169], [85, 263], [90, 198], [95, 75]], :full_histogram=>[[0, 75], [5, 198], [10, 263], [15, 169], [20, 186], [25, 198], [30, 198], [35, 215], [40, 253], [45, 263], [50, 312], [55, 395], [60, 482], [65, 553], [70, 615], [75, 664], [80, 801], [85, 1417], [90, 1512], [95, 1231]]}, :trainer_class=>"SvmTrainer::NelderMead", :preprocessor_class=>"Preprocessor::Simple", :selector_class=>"Selector::InformationGain"}
create feature_vectors, 1:1 distribution
create test_set
parameter search..training..evaluation
iteration: 1
iteration: 2
iteration: 3
iteration: 4
iteration: 5
iteration: 6
iteration: 7
iteration: 8
iteration: 9
iteration: 10
iteration: 11
iteration: 12
iteration: 13
iteration: 14
[thesis_testing_3 9486ef7] 25 function SvmTrainer::NelderMead
 3 files changed, 5523 insertions(+)
 create mode 100644 0025-model.libsvm
 create mode 100644 0025-predictor.json
 create mode 100644 0025-results
true
{:id=>25, :classification=>:function, :properties=>{:samplesize=>6000, :distribution=>1, :evaluator=>:normalized_mcc, :cross_validation=>3, :dictionary_size=>600, :cost=>175.95545128709318, :gamma=>0.01363129737491469}, :metrics=>{:geometric_mean=>0.8194663629460333, :rates=>{:fpr=>0.1952, :tpr=>0.8344, :fnr=>0.1656, :tnr=>0.8048}, :precision=>0.8104118104118104, :recall=>0.8344, :accuracy=>0.8196, :f_5=>0.8150984682713347, :f1=>0.822230981474182, :f2=>0.8294894226181009, :matthews_correlation_coefficient=>0.6394802048776789, :normalized_matthews_correlation_coefficient=>0.8197401024388394, :mean_probability=>0.776679537827329, :correct_historgramm=>[[50, 422], [55, 488], [60, 622], [65, 675], [70, 904], [75, 1091], [80, 1311], [85, 1268], [90, 1054], [95, 361]], :faulty_histogram=>[[50, 355], [55, 297], [60, 281], [65, 240], [70, 165], [75, 142], [80, 139], [85, 106], [90, 55], [95, 24]], :full_histogram=>[[0, 24], [5, 55], [10, 106], [15, 139], [20, 142], [25, 165], [30, 240], [35, 281], [40, 297], [45, 355], [50, 422], [55, 488], [60, 622], [65, 675], [70, 904], [75, 1091], [80, 1311], [85, 1268], [90, 1054], [95, 361]]}, :trainer_class=>"SvmTrainer::NelderMead", :preprocessor_class=>"Preprocessor::Simple", :selector_class=>"Selector::Simple"}
create feature_vectors, 1:1 distribution
create test_set
parameter search..training..evaluation
iteration: 1
iteration: 2
iteration: 3
iteration: 4
iteration: 5
iteration: 6
iteration: 7
iteration: 8
iteration: 9
iteration: 10
iteration: 11
iteration: 12
iteration: 13
[thesis_testing_3 48b230c] 26 function SvmTrainer::NelderMead
 3 files changed, 5515 insertions(+)
 create mode 100644 0026-model.libsvm
 create mode 100644 0026-predictor.json
 create mode 100644 0026-results
true
{:id=>26, :classification=>:function, :properties=>{:samplesize=>6000, :distribution=>1, :evaluator=>:normalized_mcc, :cross_validation=>3, :dictionary_size=>600, :cost=>6.974988136966337, :gamma=>0.03703381639029358}, :metrics=>{:geometric_mean=>0.8296937748350292, :rates=>{:fpr=>0.1886, :tpr=>0.8484, :fnr=>0.1516, :tnr=>0.8114}, :precision=>0.818129218900675, :recall=>0.8484, :accuracy=>0.8299, :f_5=>0.8240093240093239, :f1=>0.8329896907216494, :f2=>0.8421679571173318, :matthews_correlation_coefficient=>0.6602520973439406, :normalized_matthews_correlation_coefficient=>0.8301260486719704, :mean_probability=>0.7997514347175005, :correct_historgramm=>[[50, 371], [55, 394], [60, 484], [65, 589], [70, 767], [75, 1022], [80, 1137], [85, 1395], [90, 1515], [95, 625]], :faulty_histogram=>[[50, 317], [55, 287], [60, 223], [65, 193], [70, 166], [75, 162], [80, 127], [85, 128], [90, 81], [95, 17]], :full_histogram=>[[0, 17], [5, 81], [10, 128], [15, 127], [20, 162], [25, 166], [30, 193], [35, 223], [40, 287], [45, 317], [50, 371], [55, 394], [60, 484], [65, 589], [70, 767], [75, 1022], [80, 1137], [85, 1395], [90, 1515], [95, 625]]}, :trainer_class=>"SvmTrainer::NelderMead", :preprocessor_class=>"Preprocessor::Simple", :selector_class=>"Selector::BiNormalSeperation"}
create feature_vectors, 1:1 distribution
create test_set
parameter search..training..evaluation
iteration: 1
iteration: 2
iteration: 3
iteration: 4
iteration: 5
iteration: 6
iteration: 7
iteration: 8
iteration: 9
iteration: 10
iteration: 11
iteration: 12
iteration: 13
iteration: 14
[thesis_testing_3 54653e6] 27 function SvmTrainer::NelderMead
 3 files changed, 3678 insertions(+)
 create mode 100644 0027-model.libsvm
 create mode 100644 0027-predictor.json
 create mode 100644 0027-results
true
{:id=>27, :classification=>:function, :properties=>{:samplesize=>6000, :distribution=>1, :evaluator=>:normalized_mcc, :cross_validation=>3, :dictionary_size=>600, :cost=>708.8701466504118, :gamma=>0.000572056772644408}, :metrics=>{:geometric_mean=>0.7354236874074699, :rates=>{:fpr=>0.2976, :tpr=>0.77, :fnr=>0.23, :tnr=>0.7024}, :precision=>0.7212439115773698, :recall=>0.77, :accuracy=>0.7362, :f_5=>0.7304948391013966, :f1=>0.7448249177790676, :f2=>0.7597284710711185, :matthews_correlation_coefficient=>0.47348309082771156, :normalized_matthews_correlation_coefficient=>0.7367415454138557, :mean_probability=>0.794277104148812, :correct_historgramm=>[[50, 470], [55, 240], [60, 352], [65, 270], [70, 339], [75, 2108], [80, 1084], [85, 967], [90, 962], [95, 570]], :faulty_histogram=>[[50, 372], [55, 197], [60, 301], [65, 179], [70, 186], [75, 631], [80, 319], [85, 161], [90, 200], [95, 92]], :full_histogram=>[[0, 92], [5, 200], [10, 161], [15, 319], [20, 631], [25, 186], [30, 179], [35, 301], [40, 197], [45, 372], [50, 470], [55, 240], [60, 352], [65, 270], [70, 339], [75, 2108], [80, 1084], [85, 967], [90, 962], [95, 570]]}, :trainer_class=>"SvmTrainer::NelderMead", :preprocessor_class=>"Preprocessor::Simple", :selector_class=>"Selector::InformationGain"}
create feature_vectors, 1:1 distribution
create test_set
parameter search..training..evaluation
iteration: 1
iteration: 2
iteration: 3
iteration: 4
iteration: 5
iteration: 6
iteration: 7
iteration: 8
iteration: 9
iteration: 10
iteration: 11
[thesis_testing_3 e0699e2] 30 function SvmTrainer::NelderMead
 3 files changed, 4599 insertions(+)
 create mode 100644 0030-model.libsvm
 create mode 100644 0030-predictor.json
 create mode 100644 0030-results
true
{:id=>30, :classification=>:function, :properties=>{:samplesize=>6000, :distribution=>1, :evaluator=>:normalized_mcc, :cross_validation=>3, :dictionary_size=>800, :cost=>11.79108983222036, :gamma=>0.013954816115116175}, :metrics=>{:geometric_mean=>0.7776432086760612, :rates=>{:fpr=>0.3312, :tpr=>0.9042, :fnr=>0.0958, :tnr=>0.6688}, :precision=>0.7319086935405537, :recall=>0.9042, :accuracy=>0.7865, :f_5=>0.7609061532247207, :f1=>0.8089827323968865, :f2=>0.8635443328112464, :matthews_correlation_coefficient=>0.589567692314393, :normalized_matthews_correlation_coefficient=>0.7947838461571965, :mean_probability=>0.7871693658902682, :correct_historgramm=>[[50, 42], [55, 52], [60, 98], [65, 283], [70, 1178], [75, 2984], [80, 2291], [85, 895], [90, 36], [95, 6]], :faulty_histogram=>[[50, 54], [55, 50], [60, 90], [65, 238], [70, 661], [75, 651], [80, 348], [85, 38], [90, 4], [95, 1]], :full_histogram=>[[0, 1], [5, 4], [10, 38], [15, 348], [20, 651], [25, 661], [30, 238], [35, 90], [40, 50], [45, 54], [50, 42], [55, 52], [60, 98], [65, 283], [70, 1178], [75, 2984], [80, 2291], [85, 895], [90, 36], [95, 6]]}, :trainer_class=>"SvmTrainer::NelderMead", :preprocessor_class=>"Preprocessor::Simple", :selector_class=>"Selector::Simple"}
create feature_vectors, 1:1 distribution
create test_set
parameter search..training..evaluation
iteration: 1
iteration: 2
iteration: 3
iteration: 4
iteration: 5
iteration: 6
iteration: 7
iteration: 8
iteration: 9
iteration: 10
iteration: 11
iteration: 12
[thesis_testing_3 dd44844] 31 function SvmTrainer::NelderMead
 3 files changed, 4145 insertions(+)
 create mode 100644 0031-model.libsvm
 create mode 100644 0031-predictor.json
 create mode 100644 0031-results
true
{:id=>31, :classification=>:function, :properties=>{:samplesize=>6000, :distribution=>1, :evaluator=>:normalized_mcc, :cross_validation=>3, :dictionary_size=>800, :cost=>4.983696625706742, :gamma=>0.0929097397110447}, :metrics=>{:geometric_mean=>0.7598079757412395, :rates=>{:fpr=>0.2696, :tpr=>0.7904, :fnr=>0.2096, :tnr=>0.7304}, :precision=>0.7456603773584906, :recall=>0.7904, :accuracy=>0.7604, :f_5=>0.7541984732824427, :f1=>0.767378640776699, :f2=>0.7810276679841898, :matthews_correlation_coefficient=>0.5217399787052606, :normalized_matthews_correlation_coefficient=>0.7608699893526303, :mean_probability=>0.7830514748790505, :correct_historgramm=>[[50, 351], [55, 520], [60, 154], [65, 169], [70, 221], [75, 3112], [80, 1959], [85, 619], [90, 277], [95, 222]], :faulty_histogram=>[[50, 214], [55, 499], [60, 84], [65, 69], [70, 145], [75, 861], [80, 313], [85, 126], [90, 61], [95, 24]], :full_histogram=>[[0, 24], [5, 61], [10, 126], [15, 313], [20, 861], [25, 145], [30, 69], [35, 84], [40, 499], [45, 214], [50, 351], [55, 520], [60, 154], [65, 169], [70, 221], [75, 3112], [80, 1959], [85, 619], [90, 277], [95, 222]]}, :trainer_class=>"SvmTrainer::NelderMead", :preprocessor_class=>"Preprocessor::Simple", :selector_class=>"Selector::BiNormalSeperation"}
create feature_vectors, 1:1 distribution
create test_set
parameter search..training..evaluation
iteration: 1
iteration: 2
iteration: 3
iteration: 4
iteration: 5
iteration: 6
iteration: 7
iteration: 8
iteration: 9
iteration: 10
iteration: 11
[thesis_testing_3 de5f5be] 32 function SvmTrainer::NelderMead
 3 files changed, 4084 insertions(+)
 create mode 100644 0032-model.libsvm
 create mode 100644 0032-predictor.json
 create mode 100644 0032-results
true
{:id=>32, :classification=>:function, :properties=>{:samplesize=>6000, :distribution=>1, :evaluator=>:normalized_mcc, :cross_validation=>3, :dictionary_size=>800, :cost=>8.357210119699134, :gamma=>0.026360412013479197}, :metrics=>{:geometric_mean=>0.7646123985392861, :rates=>{:fpr=>0.3078, :tpr=>0.8446, :fnr=>0.1554, :tnr=>0.6922}, :precision=>0.732905241235682, :recall=>0.8446, :accuracy=>0.7684, :f_5=>0.7528166001140901, :f1=>0.7847983646162423, :f2=>0.8196180420774785, :matthews_correlation_coefficient=>0.5431445277682818, :normalized_matthews_correlation_coefficient=>0.7715722638841409, :mean_probability=>0.7804431268409311, :correct_historgramm=>[[50, 224], [55, 128], [60, 418], [65, 517], [70, 379], [75, 2878], [80, 1772], [85, 874], [90, 349], [95, 145]], :faulty_histogram=>[[50, 184], [55, 114], [60, 226], [65, 368], [70, 165], [75, 829], [80, 290], [85, 74], [90, 52], [95, 14]], :full_histogram=>[[0, 14], [5, 52], [10, 74], [15, 290], [20, 829], [25, 165], [30, 368], [35, 226], [40, 114], [45, 184], [50, 224], [55, 128], [60, 418], [65, 517], [70, 379], [75, 2878], [80, 1772], [85, 874], [90, 349], [95, 145]]}, :trainer_class=>"SvmTrainer::NelderMead", :preprocessor_class=>"Preprocessor::Simple", :selector_class=>"Selector::InformationGain"}
create feature_vectors, 1:1 distribution
create test_set
parameter search..training..evaluation
iteration: 1
iteration: 2
iteration: 3
iteration: 4
iteration: 5
iteration: 6
iteration: 7
iteration: 8
iteration: 9
iteration: 10
iteration: 11
iteration: 12
iteration: 13
iteration: 14
iteration: 15
[thesis_testing_3 e328913] 35 function SvmTrainer::NelderMead
 3 files changed, 4419 insertions(+)
 create mode 100644 0035-model.libsvm
 create mode 100644 0035-predictor.json
 create mode 100644 0035-results
true
{:id=>35, :classification=>:function, :properties=>{:samplesize=>6000, :distribution=>1, :evaluator=>:normalized_mcc, :cross_validation=>3, :dictionary_size=>600, :cost=>3.2897525195567727, :gamma=>0.0050201088171532345}, :metrics=>{:geometric_mean=>0.780018461319987, :rates=>{:fpr=>0.2958, :tpr=>0.864, :fnr=>0.136, :tnr=>0.7042}, :precision=>0.7449560269011899, :recall=>0.864, :accuracy=>0.7841, :f_5=>0.766066108667896, :f1=>0.8000740809334197, :f2=>0.8372417535563393, :matthews_correlation_coefficient=>0.57559675725153, :normalized_matthews_correlation_coefficient=>0.787798378625765, :mean_probability=>0.7878253680859661, :correct_historgramm=>[[50, 12], [55, 25], [60, 39], [65, 212], [70, 196], [75, 4169], [80, 3178], [85, 10]], :faulty_histogram=>[[50, 31], [55, 25], [60, 29], [65, 189], [70, 166], [75, 1310], [80, 406], [85, 3]], :full_histogram=>[[10, 3], [15, 406], [20, 1310], [25, 166], [30, 189], [35, 29], [40, 25], [45, 31], [50, 12], [55, 25], [60, 39], [65, 212], [70, 196], [75, 4169], [80, 3178], [85, 10]]}, :trainer_class=>"SvmTrainer::NelderMead", :preprocessor_class=>"Preprocessor::Simple", :selector_class=>"Selector::Simple"}
create feature_vectors, 1:1 distribution
create test_set
parameter search..training..evaluation
iteration: 1
iteration: 2
iteration: 3
iteration: 4
iteration: 5
iteration: 6
iteration: 7
iteration: 8
[thesis_testing_3 d45ae73] 36 function SvmTrainer::NelderMead
 3 files changed, 3985 insertions(+)
 create mode 100644 0036-model.libsvm
 create mode 100644 0036-predictor.json
 create mode 100644 0036-results
true
{:id=>36, :classification=>:function, :properties=>{:samplesize=>6000, :distribution=>1, :evaluator=>:normalized_mcc, :cross_validation=>3, :dictionary_size=>600, :cost=>325.29027228394006, :gamma=>0.20862473925807562}, :metrics=>{:geometric_mean=>0.7298043025359606, :rates=>{:fpr=>0.3452, :tpr=>0.8134, :fnr=>0.1866, :tnr=>0.6548}, :precision=>0.7020542033488694, :recall=>0.8134, :accuracy=>0.7341, :f_5=>0.7218159875053244, :f1=>0.753636616325396, :f2=>0.7883921994339549, :matthews_correlation_coefficient=>0.4742020132195059, :normalized_matthews_correlation_coefficient=>0.737101006609753, :mean_probability=>0.764518646253254, :correct_historgramm=>[[50, 132], [55, 107], [60, 144], [65, 116], [70, 3776], [75, 281], [80, 2248], [85, 191], [90, 297], [95, 49]], :faulty_histogram=>[[50, 145], [55, 134], [60, 129], [65, 140], [70, 1579], [75, 98], [80, 357], [85, 37], [90, 31], [95, 9]], :full_histogram=>[[0, 9], [5, 31], [10, 37], [15, 357], [20, 98], [25, 1579], [30, 140], [35, 129], [40, 134], [45, 145], [50, 132], [55, 107], [60, 144], [65, 116], [70, 3776], [75, 281], [80, 2248], [85, 191], [90, 297], [95, 49]]}, :trainer_class=>"SvmTrainer::NelderMead", :preprocessor_class=>"Preprocessor::Simple", :selector_class=>"Selector::BiNormalSeperation"}
create feature_vectors, 1:1 distribution
create test_set
parameter search..training..evaluation
iteration: 1
iteration: 2
iteration: 3
iteration: 4
iteration: 5
iteration: 6
iteration: 7
iteration: 8
iteration: 9
iteration: 10
iteration: 11
iteration: 12
iteration: 13
[thesis_testing_3 1ba6fe3] 37 function SvmTrainer::NelderMead
 3 files changed, 3812 insertions(+)
 create mode 100644 0037-model.libsvm
 create mode 100644 0037-predictor.json
 create mode 100644 0037-results
true
{:id=>37, :classification=>:function, :properties=>{:samplesize=>6000, :distribution=>1, :evaluator=>:normalized_mcc, :cross_validation=>3, :dictionary_size=>600, :cost=>154.0643034086069, :gamma=>0.0013560280771361378}, :metrics=>{:geometric_mean=>0.7747689203885246, :rates=>{:fpr=>0.2908, :tpr=>0.8464, :fnr=>0.1536, :tnr=>0.7092}, :precision=>0.7442842068237777, :recall=>0.8464, :accuracy=>0.7778, :f_5=>0.7626874279123413, :f1=>0.7920643833052593, :f2=>0.8237950634586935, :matthews_correlation_coefficient=>0.5609042663349896, :normalized_matthews_correlation_coefficient=>0.7804521331674947, :mean_probability=>0.7790791916714881, :correct_historgramm=>[[50, 183], [55, 94], [60, 749], [65, 92], [70, 317], [75, 3176], [80, 2232], [85, 421], [90, 441], [95, 73]], :faulty_histogram=>[[50, 120], [55, 61], [60, 393], [65, 48], [70, 261], [75, 872], [80, 321], [85, 61], [90, 70], [95, 15]], :full_histogram=>[[0, 15], [5, 70], [10, 61], [15, 321], [20, 872], [25, 261], [30, 48], [35, 393], [40, 61], [45, 120], [50, 183], [55, 94], [60, 749], [65, 92], [70, 317], [75, 3176], [80, 2232], [85, 421], [90, 441], [95, 73]]}, :trainer_class=>"SvmTrainer::NelderMead", :preprocessor_class=>"Preprocessor::Simple", :selector_class=>"Selector::InformationGain"}
create feature_vectors, 1:1 distribution
create test_set
parameter search..training..evaluation
iteration: 1
iteration: 2
iteration: 3
iteration: 4
iteration: 5
iteration: 6
iteration: 7
iteration: 8
iteration: 9
iteration: 10
iteration: 11
iteration: 12
iteration: 13
iteration: 14
[thesis_testing_3 8195f87] 40 function SvmTrainer::NelderMead
 3 files changed, 4186 insertions(+)
 create mode 100644 0040-model.libsvm
 create mode 100644 0040-predictor.json
 create mode 100644 0040-results
true
{:id=>40, :classification=>:function, :properties=>{:samplesize=>6000, :distribution=>1, :evaluator=>:normalized_mcc, :cross_validation=>3, :dictionary_size=>800, :cost=>48.88326348528154, :gamma=>0.007660928569775158}, :metrics=>{:geometric_mean=>0.7889005006970145, :rates=>{:fpr=>0.278, :tpr=>0.862, :fnr=>0.138, :tnr=>0.722}, :precision=>0.756140350877193, :recall=>0.862, :accuracy=>0.792, :f_5=>0.775179856115108, :f1=>0.805607476635514, :f2=>0.83852140077821, :matthews_correlation_coefficient=>0.5898087291701472, :normalized_matthews_correlation_coefficient=>0.7949043645850735, :mean_probability=>0.7791995608817572, :correct_historgramm=>[[50, 17], [55, 41], [60, 15], [65, 42], [70, 268], [75, 4094], [80, 3332], [85, 62], [90, 33], [95, 16]], :faulty_histogram=>[[50, 14], [55, 17], [60, 19], [65, 28], [70, 162], [75, 1237], [80, 560], [85, 18], [90, 24], [95, 1]], :full_histogram=>[[0, 1], [5, 24], [10, 18], [15, 560], [20, 1237], [25, 162], [30, 28], [35, 19], [40, 17], [45, 14], [50, 17], [55, 41], [60, 15], [65, 42], [70, 268], [75, 4094], [80, 3332], [85, 62], [90, 33], [95, 16]]}, :trainer_class=>"SvmTrainer::NelderMead", :preprocessor_class=>"Preprocessor::Simple", :selector_class=>"Selector::Simple"}
create feature_vectors, 1:1 distribution
create test_set
parameter search..training..evaluation
iteration: 1
iteration: 2
iteration: 3
iteration: 4
iteration: 5
iteration: 6
iteration: 7
iteration: 8
iteration: 9
iteration: 10
iteration: 11
iteration: 12
iteration: 13
[thesis_testing_3 70487fa] 41 function SvmTrainer::NelderMead
 3 files changed, 4115 insertions(+)
 create mode 100644 0041-model.libsvm
 create mode 100644 0041-predictor.json
 create mode 100644 0041-results
true
{:id=>41, :classification=>:function, :properties=>{:samplesize=>6000, :distribution=>1, :evaluator=>:normalized_mcc, :cross_validation=>3, :dictionary_size=>800, :cost=>22.467054308285906, :gamma=>0.005085253642116091}, :metrics=>{:geometric_mean=>0.7862961274227414, :rates=>{:fpr=>0.274, :tpr=>0.8516, :fnr=>0.1484, :tnr=>0.726}, :precision=>0.7565742714996446, :recall=>0.8516, :accuracy=>0.7888, :f_5=>0.7738441407385868, :f1=>0.8012796386902522, :f2=>0.8307320118620259, :matthews_correlation_coefficient=>0.5822105460185606, :normalized_matthews_correlation_coefficient=>0.7911052730092802, :mean_probability=>0.7654744820703493, :correct_historgramm=>[[50, 16], [55, 9], [60, 47], [65, 144], [70, 4033], [75, 3412], [80, 133], [85, 45], [90, 17], [95, 32]], :faulty_histogram=>[[50, 13], [55, 6], [60, 30], [65, 71], [70, 1271], [75, 627], [80, 43], [85, 20], [90, 10], [95, 21]], :full_histogram=>[[0, 21], [5, 10], [10, 20], [15, 43], [20, 627], [25, 1271], [30, 71], [35, 30], [40, 6], [45, 13], [50, 16], [55, 9], [60, 47], [65, 144], [70, 4033], [75, 3412], [80, 133], [85, 45], [90, 17], [95, 32]]}, :trainer_class=>"SvmTrainer::NelderMead", :preprocessor_class=>"Preprocessor::Simple", :selector_class=>"Selector::BiNormalSeperation"}
create feature_vectors, 1:1 distribution
create test_set
parameter search..training..evaluation
iteration: 1
iteration: 2
iteration: 3
iteration: 4
iteration: 5
iteration: 6
iteration: 7
iteration: 8
iteration: 9
iteration: 10
iteration: 11
iteration: 12
iteration: 13
iteration: 14
iteration: 15
iteration: 16
[thesis_testing_3 d65448c] 42 function SvmTrainer::NelderMead
 3 files changed, 4163 insertions(+)
 create mode 100644 0042-model.libsvm
 create mode 100644 0042-predictor.json
 create mode 100644 0042-results
true
{:id=>42, :classification=>:function, :properties=>{:samplesize=>6000, :distribution=>1, :evaluator=>:normalized_mcc, :cross_validation=>3, :dictionary_size=>800, :cost=>5.972224806597826, :gamma=>0.01844508565709707}, :metrics=>{:geometric_mean=>0.782202352336018, :rates=>{:fpr=>0.2854, :tpr=>0.8562, :fnr=>0.1438, :tnr=>0.7146}, :precision=>0.75, :recall=>0.8562, :accuracy=>0.7854, :f_5=>0.7690787582638691, :f1=>0.7995890922674637, :f2=>0.8326201960479229, :matthews_correlation_coefficient=>0.576609946805371, :normalized_matthews_correlation_coefficient=>0.7883049734026855, :mean_probability=>0.761058860259575, :correct_historgramm=>[[50, 329], [55, 46], [60, 62], [65, 106], [70, 3954], [75, 121], [80, 3070], [85, 95], [90, 66], [95, 5]], :faulty_histogram=>[[50, 244], [55, 23], [60, 40], [65, 53], [70, 1290], [75, 53], [80, 407], [85, 14], [90, 22]], :full_histogram=>[[5, 22], [10, 14], [15, 407], [20, 53], [25, 1290], [30, 53], [35, 40], [40, 23], [45, 244], [50, 329], [55, 46], [60, 62], [65, 106], [70, 3954], [75, 121], [80, 3070], [85, 95], [90, 66], [95, 5]]}, :trainer_class=>"SvmTrainer::NelderMead", :preprocessor_class=>"Preprocessor::Simple", :selector_class=>"Selector::InformationGain"}
create feature_vectors, 1:1 distribution
create test_set
parameter search..training..evaluation
iteration: 1
iteration: 2
iteration: 3
iteration: 4
iteration: 5
iteration: 6
iteration: 7
iteration: 8
iteration: 9
iteration: 10
iteration: 11
iteration: 12
iteration: 13
[thesis_testing_3 4abadbc] 45 function SvmTrainer::NelderMead
 3 files changed, 3902 insertions(+)
 create mode 100644 0045-model.libsvm
 create mode 100644 0045-predictor.json
 create mode 100644 0045-results
true
{:id=>45, :classification=>:function, :properties=>{:samplesize=>6000, :distribution=>1, :evaluator=>:normalized_mcc, :cross_validation=>3, :dictionary_size=>600, :cost=>48.50764046168916, :gamma=>0.005582828593590784}, :metrics=>{:geometric_mean=>0.7833625214420205, :rates=>{:fpr=>0.3258, :tpr=>0.9102, :fnr=>0.0898, :tnr=>0.6742}, :precision=>0.7364077669902913, :recall=>0.9102, :accuracy=>0.7922, :f_5=>0.7656460296096905, :f1=>0.8141323792486583, :f2=>0.8691749427043544, :matthews_correlation_coefficient=>0.601387355524829, :normalized_matthews_correlation_coefficient=>0.8006936777624145, :mean_probability=>0.7792603827784695, :correct_historgramm=>[[50, 25], [55, 49], [60, 242], [65, 23], [70, 4052], [75, 184], [80, 3129], [85, 146], [90, 49], [95, 23]], :faulty_histogram=>[[50, 16], [55, 44], [60, 259], [65, 13], [70, 1293], [75, 37], [80, 398], [85, 11], [90, 5], [95, 2]], :full_histogram=>[[0, 2], [5, 5], [10, 11], [15, 398], [20, 37], [25, 1293], [30, 13], [35, 259], [40, 44], [45, 16], [50, 25], [55, 49], [60, 242], [65, 23], [70, 4052], [75, 184], [80, 3129], [85, 146], [90, 49], [95, 23]]}, :trainer_class=>"SvmTrainer::NelderMead", :preprocessor_class=>"Preprocessor::Simple", :selector_class=>"Selector::Simple"}
create feature_vectors, 1:1 distribution
create test_set
parameter search..training..evaluation
iteration: 1
iteration: 2
iteration: 3
iteration: 4
iteration: 5
iteration: 6
iteration: 7
iteration: 8
iteration: 9
iteration: 10
iteration: 11
iteration: 12
iteration: 13
iteration: 14
[thesis_testing_3 c7f6086] 46 function SvmTrainer::NelderMead
 3 files changed, 3841 insertions(+)
 create mode 100644 0046-model.libsvm
 create mode 100644 0046-predictor.json
 create mode 100644 0046-results
true
{:id=>46, :classification=>:function, :properties=>{:samplesize=>6000, :distribution=>1, :evaluator=>:normalized_mcc, :cross_validation=>3, :dictionary_size=>600, :cost=>18.19420644685253, :gamma=>0.00748919196993667}, :metrics=>{:geometric_mean=>0.7844032126400299, :rates=>{:fpr=>0.278, :tpr=>0.8522, :fnr=>0.1478, :tnr=>0.722}, :precision=>0.7540258361351974, :recall=>0.8522, :accuracy=>0.7871, :f_5=>0.7718084335603536, :f1=>0.8001126654774199, :f2=>0.8305719075279716, :matthews_correlation_coefficient=>0.5791296962899812, :normalized_matthews_correlation_coefficient=>0.7895648481449906, :mean_probability=>0.769901286090624, :correct_historgramm=>[[50, 30], [55, 63], [60, 23], [65, 561], [70, 4045], [75, 78], [80, 2934], [85, 62], [90, 69], [95, 6]], :faulty_histogram=>[[50, 31], [55, 48], [60, 23], [65, 325], [70, 1301], [75, 24], [80, 349], [85, 13], [90, 15]], :full_histogram=>[[5, 15], [10, 13], [15, 349], [20, 24], [25, 1301], [30, 325], [35, 23], [40, 48], [45, 31], [50, 30], [55, 63], [60, 23], [65, 561], [70, 4045], [75, 78], [80, 2934], [85, 62], [90, 69], [95, 6]]}, :trainer_class=>"SvmTrainer::NelderMead", :preprocessor_class=>"Preprocessor::Simple", :selector_class=>"Selector::BiNormalSeperation"}
create feature_vectors, 1:1 distribution
create test_set
parameter search..training..evaluation
iteration: 1
iteration: 2
iteration: 3
iteration: 4
iteration: 5
iteration: 6
iteration: 7
iteration: 8
iteration: 9
iteration: 10
iteration: 11
iteration: 12
iteration: 13
iteration: 14
iteration: 15
iteration: 16
iteration: 17
iteration: 18
iteration: 19
iteration: 20
[thesis_testing_3 25bbeb2] 47 function SvmTrainer::NelderMead
 3 files changed, 3794 insertions(+)
 create mode 100644 0047-model.libsvm
 create mode 100644 0047-predictor.json
 create mode 100644 0047-results
true
{:id=>47, :classification=>:function, :properties=>{:samplesize=>6000, :distribution=>1, :evaluator=>:normalized_mcc, :cross_validation=>3, :dictionary_size=>600, :cost=>1577.4713980735369, :gamma=>9.135021003693764e-05}, :metrics=>{:geometric_mean=>0.7764666122892857, :rates=>{:fpr=>0.2932, :tpr=>0.853, :fnr=>0.147, :tnr=>0.7068}, :precision=>0.7441982202058978, :recall=>0.853, :accuracy=>0.7799, :f_5=>0.7636799885403238, :f1=>0.7948932997856677, :f2=>0.8287668570984414, :matthews_correlation_coefficient=>0.5658803543835969, :normalized_matthews_correlation_coefficient=>0.7829401771917984, :mean_probability=>0.762365949367026, :correct_historgramm=>[[50, 17], [55, 307], [60, 14], [65, 204], [70, 3951], [75, 21], [80, 3059], [85, 141], [90, 70], [95, 15]], :faulty_histogram=>[[50, 23], [55, 247], [60, 7], [65, 85], [70, 1316], [75, 21], [80, 441], [85, 20], [90, 31], [95, 10]], :full_histogram=>[[0, 10], [5, 31], [10, 20], [15, 441], [20, 21], [25, 1316], [30, 85], [35, 7], [40, 247], [45, 23], [50, 17], [55, 307], [60, 14], [65, 204], [70, 3951], [75, 21], [80, 3059], [85, 141], [90, 70], [95, 15]]}, :trainer_class=>"SvmTrainer::NelderMead", :preprocessor_class=>"Preprocessor::Simple", :selector_class=>"Selector::InformationGain"}
create feature_vectors, 3:1 distribution
create feature_vectors, 3:1 distribution
create feature_vectors, 3:1 distribution
create feature_vectors, 3:1 distribution
create feature_vectors, 3:1 distribution
create feature_vectors, 3:1 distribution
create feature_vectors, 3:1 distribution
create test_set
parameter search..training..evaluation
iteration: 1
iteration: 2
iteration: 3
iteration: 4
iteration: 5
iteration: 6
iteration: 7
iteration: 8
iteration: 9
iteration: 10
iteration: 11
[thesis_testing_3 b8bb855] 50 function SvmTrainer::NelderMead
 3 files changed, 3711 insertions(+)
 create mode 100644 0050-model.libsvm
 create mode 100644 0050-predictor.json
 create mode 100644 0050-results
true
{:id=>50, :classification=>:function, :properties=>{:samplesize=>6000, :distribution=>3, :evaluator=>:normalized_mcc, :cross_validation=>3, :dictionary_size=>800, :cost=>9298.333805720325, :gamma=>0.01161064450996825}, :metrics=>{:geometric_mean=>0.6797061718124973, :rates=>{:fpr=>0.5108, :tpr=>0.9444, :fnr=>0.0556, :tnr=>0.4892}, :precision=>0.6489829576690489, :recall=>0.9444, :accuracy=>0.7168, :f_5=>0.6922941590429276, :f1=>0.7693059628543499, :f2=>0.8655961284645842, :matthews_correlation_coefficient=>0.4869780441025627, :normalized_matthews_correlation_coefficient=>0.7434890220512813, :mean_probability=>0.9114624368999035, :correct_historgramm=>[[50, 156], [55, 197], [60, 195], [65, 205], [70, 233], [75, 279], [80, 333], [85, 447], [90, 711], [95, 4412]], :faulty_histogram=>[[50, 201], [55, 190], [60, 155], [65, 181], [70, 168], [75, 206], [80, 232], [85, 242], [90, 329], [95, 928]], :full_histogram=>[[0, 928], [5, 329], [10, 242], [15, 232], [20, 206], [25, 168], [30, 181], [35, 155], [40, 190], [45, 201], [50, 156], [55, 197], [60, 195], [65, 205], [70, 233], [75, 279], [80, 333], [85, 447], [90, 711], [95, 4412]]}, :trainer_class=>"SvmTrainer::NelderMead", :preprocessor_class=>"Preprocessor::Simple", :selector_class=>"Selector::Simple"}
create feature_vectors, 3:1 distribution
create test_set
parameter search..training..evaluation
iteration: 1
iteration: 2
iteration: 3
iteration: 4
iteration: 5
iteration: 6
iteration: 7
iteration: 8
iteration: 9
iteration: 10
iteration: 11
iteration: 12
iteration: 13
iteration: 14
iteration: 15
iteration: 16
iteration: 17
iteration: 18
iteration: 19
iteration: 20
[thesis_testing_3 2dbf679] 51 function SvmTrainer::NelderMead
 3 files changed, 3844 insertions(+)
 create mode 100644 0051-model.libsvm
 create mode 100644 0051-predictor.json
 create mode 100644 0051-results
true
{:id=>51, :classification=>:function, :properties=>{:samplesize=>6000, :distribution=>3, :evaluator=>:normalized_mcc, :cross_validation=>3, :dictionary_size=>800, :cost=>13.245281591886828, :gamma=>0.2625296657025817}, :metrics=>{:geometric_mean=>0.09651631986353396, :rates=>{:fpr=>0.9906, :tpr=>0.991, :fnr=>0.009, :tnr=>0.0094}, :precision=>0.5001009285425918, :recall=>0.991, :accuracy=>0.5002, :f_5=>0.5550949991037821, :f1=>0.6647437617386639, :f2=>0.8283736792831351, :matthews_correlation_coefficient=>0.0020948024976100393, :normalized_matthews_correlation_coefficient=>0.501047401248805, :mean_probability=>0.9604888475813329, :correct_historgramm=>[[50, 6], [55, 3], [60, 3], [65, 4], [70, 10], [75, 14], [80, 4], [85, 26], [90, 67], [95, 4865]], :faulty_histogram=>[[50, 10], [55, 4], [60, 6], [65, 5], [70, 11], [75, 7], [80, 8], [85, 16], [90, 124], [95, 4807]], :full_histogram=>[[0, 4807], [5, 124], [10, 16], [15, 8], [20, 7], [25, 11], [30, 5], [35, 6], [40, 4], [45, 10], [50, 6], [55, 3], [60, 3], [65, 4], [70, 10], [75, 14], [80, 4], [85, 26], [90, 67], [95, 4865]]}, :trainer_class=>"SvmTrainer::NelderMead", :preprocessor_class=>"Preprocessor::Simple", :selector_class=>"Selector::BiNormalSeperation"}
create feature_vectors, 3:1 distribution
create test_set
parameter search..training..evaluation
iteration: 1
iteration: 2
iteration: 3
iteration: 4
iteration: 5
iteration: 6
iteration: 7
iteration: 8
iteration: 9
iteration: 10
iteration: 11
iteration: 12
iteration: 13
[thesis_testing_3 27b26b6] 52 function SvmTrainer::NelderMead
 3 files changed, 3174 insertions(+)
 create mode 100644 0052-model.libsvm
 create mode 100644 0052-predictor.json
 create mode 100644 0052-results
true
{:id=>52, :classification=>:function, :properties=>{:samplesize=>6000, :distribution=>3, :evaluator=>:normalized_mcc, :cross_validation=>3, :dictionary_size=>800, :cost=>555.5832954087449, :gamma=>0.08943575979527088}, :metrics=>{:geometric_mean=>0.7059834275675315, :rates=>{:fpr=>0.423, :tpr=>0.8638, :fnr=>0.1362, :tnr=>0.577}, :precision=>0.6712775878147342, :recall=>0.8638, :accuracy=>0.7204, :f_5=>0.702596304008329, :f1=>0.7554661535770508, :f2=>0.8169403041537414, :matthews_correlation_coefficient=>0.4601298333830165, :normalized_matthews_correlation_coefficient=>0.7300649166915083, :mean_probability=>0.9193884528910968, :correct_historgramm=>[[50, 153], [55, 155], [60, 163], [65, 178], [70, 212], [75, 239], [80, 284], [85, 450], [90, 797], [95, 4573]], :faulty_histogram=>[[50, 157], [55, 164], [60, 186], [65, 161], [70, 182], [75, 193], [80, 179], [85, 263], [90, 369], [95, 942]], :full_histogram=>[[0, 942], [5, 369], [10, 263], [15, 179], [20, 193], [25, 182], [30, 161], [35, 186], [40, 164], [45, 157], [50, 153], [55, 155], [60, 163], [65, 178], [70, 212], [75, 239], [80, 284], [85, 450], [90, 797], [95, 4573]]}, :trainer_class=>"SvmTrainer::NelderMead", :preprocessor_class=>"Preprocessor::Simple", :selector_class=>"Selector::InformationGain"}
create feature_vectors, 3:1 distribution
create test_set
parameter search..training..evaluation
iteration: 1
iteration: 2
iteration: 3
iteration: 4
iteration: 5
iteration: 6
iteration: 7
iteration: 8
iteration: 9
iteration: 10
iteration: 11
iteration: 12
iteration: 13
iteration: 14
iteration: 15
iteration: 16
iteration: 17
iteration: 18
iteration: 19
iteration: 20
[thesis_testing_3 197a247] 55 function SvmTrainer::NelderMead
 3 files changed, 3821 insertions(+)
 create mode 100644 0055-model.libsvm
 create mode 100644 0055-predictor.json
 create mode 100644 0055-results
true
{:id=>55, :classification=>:function, :properties=>{:samplesize=>6000, :distribution=>3, :evaluator=>:normalized_mcc, :cross_validation=>3, :dictionary_size=>800, :cost=>13.245281591886828, :gamma=>0.2625296657025817}, :metrics=>{:geometric_mean=>0.05284619191578519, :rates=>{:fpr=>0.9972, :tpr=>0.9974, :fnr=>0.0026, :tnr=>0.0028}, :precision=>0.5000501353654868, :recall=>0.9974, :accuracy=>0.5001, :f_5=>0.5554441771362381, :f1=>0.6661323716022174, :f2=>0.831915390518133, :matthews_correlation_coefficient=>0.0019271042464799528, :normalized_matthews_correlation_coefficient=>0.50096355212324, :mean_probability=>0.9607335026908413, :correct_historgramm=>[[60, 1], [65, 4], [70, 4], [75, 12], [80, 2], [85, 1], [90, 15], [95, 4962]], :faulty_histogram=>[[50, 2], [55, 2], [65, 1], [70, 2], [75, 10], [80, 2], [85, 4], [90, 10], [95, 4966]], :full_histogram=>[[0, 4966], [5, 10], [10, 4], [15, 2], [20, 10], [25, 2], [30, 1], [40, 2], [45, 2], [60, 1], [65, 4], [70, 4], [75, 12], [80, 2], [85, 1], [90, 15], [95, 4962]]}, :trainer_class=>"SvmTrainer::NelderMead", :preprocessor_class=>"Preprocessor::Simple", :selector_class=>"Selector::Simple"}
create feature_vectors, 3:1 distribution
create test_set
parameter search..training..evaluation
iteration: 1
iteration: 2
iteration: 3
iteration: 4
iteration: 5
iteration: 6
iteration: 7
iteration: 8
iteration: 9
iteration: 10
iteration: 11
iteration: 12
iteration: 13
iteration: 14
iteration: 15
iteration: 16
iteration: 17
iteration: 18
iteration: 19
iteration: 20
[thesis_testing_3 d7783e4] 56 function SvmTrainer::NelderMead
 3 files changed, 3851 insertions(+)
 create mode 100644 0056-model.libsvm
 create mode 100644 0056-predictor.json
 create mode 100644 0056-results
true
{:id=>56, :classification=>:function, :properties=>{:samplesize=>6000, :distribution=>3, :evaluator=>:normalized_mcc, :cross_validation=>3, :dictionary_size=>800, :cost=>13.245281591886828, :gamma=>0.2625296657025817}, :metrics=>{:geometric_mean=>0.08581654852066703, :rates=>{:fpr=>0.9926, :tpr=>0.9952, :fnr=>0.0048, :tnr=>0.0074}, :precision=>0.5006539893349432, :recall=>0.9952, :accuracy=>0.5013, :f_5=>0.5559031191348646, :f1=>0.6661757815114799, :f2=>0.8310230802632017, :matthews_correlation_coefficient=>0.016695794458447343, :normalized_matthews_correlation_coefficient=>0.5083478972292237, :mean_probability=>0.9572586458126215, :correct_historgramm=>[[50, 11], [55, 4], [60, 5], [65, 6], [70, 8], [75, 11], [80, 11], [85, 22], [90, 66], [95, 4869]], :faulty_histogram=>[[50, 12], [55, 5], [60, 3], [65, 2], [70, 13], [75, 6], [80, 10], [85, 18], [90, 139], [95, 4779]], :full_histogram=>[[0, 4779], [5, 139], [10, 18], [15, 10], [20, 6], [25, 13], [30, 2], [35, 3], [40, 5], [45, 12], [50, 11], [55, 4], [60, 5], [65, 6], [70, 8], [75, 11], [80, 11], [85, 22], [90, 66], [95, 4869]]}, :trainer_class=>"SvmTrainer::NelderMead", :preprocessor_class=>"Preprocessor::Simple", :selector_class=>"Selector::BiNormalSeperation"}
create feature_vectors, 3:1 distribution
create test_set
parameter search..training..evaluation
iteration: 1
iteration: 2
iteration: 3
iteration: 4
iteration: 5
iteration: 6
iteration: 7
iteration: 8
iteration: 9
iteration: 10
iteration: 11
[thesis_testing_3 2789811] 57 function SvmTrainer::NelderMead
 3 files changed, 3431 insertions(+)
 create mode 100644 0057-model.libsvm
 create mode 100644 0057-predictor.json
 create mode 100644 0057-results
true
{:id=>57, :classification=>:function, :properties=>{:samplesize=>6000, :distribution=>3, :evaluator=>:normalized_mcc, :cross_validation=>3, :dictionary_size=>800, :cost=>5.263744326362134, :gamma=>0.0785872488682199}, :metrics=>{:geometric_mean=>0.7454515410139012, :rates=>{:fpr=>0.362, :tpr=>0.871, :fnr=>0.129, :tnr=>0.638}, :precision=>0.7064071370640713, :recall=>0.871, :accuracy=>0.7545, :f_5=>0.7341537424140255, :f1=>0.7801164352888492, :f2=>0.8322186126504874, :matthews_correlation_coefficient=>0.5234058376021579, :normalized_matthews_correlation_coefficient=>0.7617029188010789, :mean_probability=>0.9113159779810667, :correct_historgramm=>[[50, 167], [55, 165], [60, 211], [65, 198], [70, 259], [75, 293], [80, 385], [85, 501], [90, 794], [95, 4572]], :faulty_histogram=>[[50, 183], [55, 185], [60, 180], [65, 176], [70, 190], [75, 175], [80, 192], [85, 243], [90, 320], [95, 611]], :full_histogram=>[[0, 611], [5, 320], [10, 243], [15, 192], [20, 175], [25, 190], [30, 176], [35, 180], [40, 185], [45, 183], [50, 167], [55, 165], [60, 211], [65, 198], [70, 259], [75, 293], [80, 385], [85, 501], [90, 794], [95, 4572]]}, :trainer_class=>"SvmTrainer::NelderMead", :preprocessor_class=>"Preprocessor::Simple", :selector_class=>"Selector::InformationGain"}
